<?xml version="1.0" encoding="UTF-8"?>
<testsuite xmlns:xsi="http://www.w3.org/2001/XMLSchema-instance" xsi:noNamespaceSchemaLocation="https://maven.apache.org/surefire/maven-surefire-plugin/xsd/surefire-test-report-3.0.xsd" version="3.0" name="coit12200.studentdetails.GradeAnalyserTest" time="0.047" tests="22" errors="0" skipped="0" failures="0">
  <properties>
    <property name="java.specification.version" value="22"/>
    <property name="sun.cpu.isalist" value="amd64"/>
    <property name="sun.jnu.encoding" value="Cp1252"/>
    <property name="java.class.path" value="C:\Users\xEnde\OneDrive - CQUniversity\uni\Sem 3\COIT12200 Software Design &amp; Development\AT1\StudentDetails\target\test-classes;C:\Users\xEnde\.m2\repository\org\openjfx\javafx-controls\21\javafx-controls-21.jar;C:\Users\xEnde\.m2\repository\org\openjfx\javafx-graphics\21\javafx-graphics-21.jar;C:\Users\xEnde\.m2\repository\org\openjfx\javafx-base\21\javafx-base-21.jar;C:\Users\xEnde\.m2\repository\org\openjfx\javafx-fxml\21\javafx-fxml-21.jar;C:\Users\xEnde\.m2\repository\org\junit\jupiter\junit-jupiter\5.10.0\junit-jupiter-5.10.0.jar;C:\Users\xEnde\.m2\repository\org\junit\jupiter\junit-jupiter-api\5.10.0\junit-jupiter-api-5.10.0.jar;C:\Users\xEnde\.m2\repository\org\opentest4j\opentest4j\1.3.0\opentest4j-1.3.0.jar;C:\Users\xEnde\.m2\repository\org\junit\platform\junit-platform-commons\1.10.0\junit-platform-commons-1.10.0.jar;C:\Users\xEnde\.m2\repository\org\apiguardian\apiguardian-api\1.1.2\apiguardian-api-1.1.2.jar;C:\Users\xEnde\.m2\repository\org\junit\jupiter\junit-jupiter-params\5.10.0\junit-jupiter-params-5.10.0.jar;C:\Users\xEnde\.m2\repository\org\junit\jupiter\junit-jupiter-engine\5.10.0\junit-jupiter-engine-5.10.0.jar;C:\Users\xEnde\.m2\repository\org\junit\platform\junit-platform-engine\1.10.0\junit-platform-engine-1.10.0.jar;"/>
    <property name="java.vm.vendor" value="Oracle Corporation"/>
    <property name="sun.arch.data.model" value="64"/>
    <property name="user.variant" value=""/>
    <property name="java.vendor.url" value="https://java.oracle.com/"/>
    <property name="user.timezone" value="Australia/Brisbane"/>
    <property name="os.name" value="Windows 11"/>
    <property name="java.vm.specification.version" value="22"/>
    <property name="user.country" value="AU"/>
    <property name="sun.java.launcher" value="SUN_STANDARD"/>
    <property name="sun.boot.library.path" value="C:\Program Files\Java\jdk-22\bin"/>
    <property name="sun.java.command" value="org.apache.maven.surefire.booter.ForkedBooter C:\Users\xEnde\AppData\Local\Temp\surefire8966720961664692250 2025-04-20T12-00-22_120-jvmRun1 surefire-20250420120022504_1tmp surefire_0-20250420120022504_2tmp"/>
    <property name="jdk.debug" value="release"/>
    <property name="surefire.test.class.path" value="C:\Users\xEnde\OneDrive - CQUniversity\uni\Sem 3\COIT12200 Software Design &amp; Development\AT1\StudentDetails\target\test-classes;C:\Users\xEnde\.m2\repository\org\openjfx\javafx-controls\21\javafx-controls-21.jar;C:\Users\xEnde\.m2\repository\org\openjfx\javafx-graphics\21\javafx-graphics-21.jar;C:\Users\xEnde\.m2\repository\org\openjfx\javafx-base\21\javafx-base-21.jar;C:\Users\xEnde\.m2\repository\org\openjfx\javafx-fxml\21\javafx-fxml-21.jar;C:\Users\xEnde\.m2\repository\org\junit\jupiter\junit-jupiter\5.10.0\junit-jupiter-5.10.0.jar;C:\Users\xEnde\.m2\repository\org\junit\jupiter\junit-jupiter-api\5.10.0\junit-jupiter-api-5.10.0.jar;C:\Users\xEnde\.m2\repository\org\opentest4j\opentest4j\1.3.0\opentest4j-1.3.0.jar;C:\Users\xEnde\.m2\repository\org\junit\platform\junit-platform-commons\1.10.0\junit-platform-commons-1.10.0.jar;C:\Users\xEnde\.m2\repository\org\apiguardian\apiguardian-api\1.1.2\apiguardian-api-1.1.2.jar;C:\Users\xEnde\.m2\repository\org\junit\jupiter\junit-jupiter-params\5.10.0\junit-jupiter-params-5.10.0.jar;C:\Users\xEnde\.m2\repository\org\junit\jupiter\junit-jupiter-engine\5.10.0\junit-jupiter-engine-5.10.0.jar;C:\Users\xEnde\.m2\repository\org\junit\platform\junit-platform-engine\1.10.0\junit-platform-engine-1.10.0.jar;"/>
    <property name="sun.cpu.endian" value="little"/>
    <property name="user.home" value="C:\Users\xEnde"/>
    <property name="user.language" value="en"/>
    <property name="java.specification.vendor" value="Oracle Corporation"/>
    <property name="jdk.module.path" value="C:\Users\xEnde\OneDrive - CQUniversity\uni\Sem 3\COIT12200 Software Design &amp; Development\AT1\StudentDetails\target\classes;C:\Users\xEnde\.m2\repository\org\openjfx\javafx-controls\21\javafx-controls-21-win.jar;C:\Users\xEnde\.m2\repository\org\openjfx\javafx-graphics\21\javafx-graphics-21-win.jar;C:\Users\xEnde\.m2\repository\org\openjfx\javafx-base\21\javafx-base-21-win.jar;C:\Users\xEnde\.m2\repository\org\openjfx\javafx-fxml\21\javafx-fxml-21-win.jar"/>
    <property name="java.version.date" value="2024-07-16"/>
    <property name="java.home" value="C:\Program Files\Java\jdk-22"/>
    <property name="file.separator" value="\"/>
    <property name="basedir" value="C:\Users\xEnde\OneDrive - CQUniversity\uni\Sem 3\COIT12200 Software Design &amp; Development\AT1\StudentDetails"/>
    <property name="java.vm.compressedOopsMode" value="Zero based"/>
    <property name="line.separator" value="&#10;"/>
    <property name="java.vm.specification.vendor" value="Oracle Corporation"/>
    <property name="java.specification.name" value="Java Platform API Specification"/>
    <property name="surefire.real.class.path" value="C:\Users\xEnde\.m2\repository\org\apache\maven\surefire\surefire-booter\3.2.5\surefire-booter-3.2.5.jar;C:\Users\xEnde\.m2\repository\org\apache\maven\surefire\surefire-api\3.2.5\surefire-api-3.2.5.jar;C:\Users\xEnde\.m2\repository\org\apache\maven\surefire\surefire-logger-api\3.2.5\surefire-logger-api-3.2.5.jar;C:\Users\xEnde\.m2\repository\org\apache\maven\surefire\surefire-shared-utils\3.2.5\surefire-shared-utils-3.2.5.jar;C:\Users\xEnde\.m2\repository\org\apache\maven\surefire\surefire-extensions-spi\3.2.5\surefire-extensions-spi-3.2.5.jar;C:\Users\xEnde\OneDrive - CQUniversity\uni\Sem 3\COIT12200 Software Design &amp; Development\AT1\StudentDetails\target\test-classes;C:\Users\xEnde\.m2\repository\org\openjfx\javafx-controls\21\javafx-controls-21.jar;C:\Users\xEnde\.m2\repository\org\openjfx\javafx-graphics\21\javafx-graphics-21.jar;C:\Users\xEnde\.m2\repository\org\openjfx\javafx-base\21\javafx-base-21.jar;C:\Users\xEnde\.m2\repository\org\openjfx\javafx-fxml\21\javafx-fxml-21.jar;C:\Users\xEnde\.m2\repository\org\junit\jupiter\junit-jupiter\5.10.0\junit-jupiter-5.10.0.jar;C:\Users\xEnde\.m2\repository\org\junit\jupiter\junit-jupiter-api\5.10.0\junit-jupiter-api-5.10.0.jar;C:\Users\xEnde\.m2\repository\org\opentest4j\opentest4j\1.3.0\opentest4j-1.3.0.jar;C:\Users\xEnde\.m2\repository\org\junit\platform\junit-platform-commons\1.10.0\junit-platform-commons-1.10.0.jar;C:\Users\xEnde\.m2\repository\org\apiguardian\apiguardian-api\1.1.2\apiguardian-api-1.1.2.jar;C:\Users\xEnde\.m2\repository\org\junit\jupiter\junit-jupiter-params\5.10.0\junit-jupiter-params-5.10.0.jar;C:\Users\xEnde\.m2\repository\org\junit\jupiter\junit-jupiter-engine\5.10.0\junit-jupiter-engine-5.10.0.jar;C:\Users\xEnde\.m2\repository\org\junit\platform\junit-platform-engine\1.10.0\junit-platform-engine-1.10.0.jar;C:\Users\xEnde\.m2\repository\org\apache\maven\surefire\surefire-junit-platform\3.2.5\surefire-junit-platform-3.2.5.jar;C:\Users\xEnde\.m2\repository\org\apache\maven\surefire\common-java5\3.2.5\common-java5-3.2.5.jar;C:\Users\xEnde\.m2\repository\org\junit\platform\junit-platform-launcher\1.10.0\junit-platform-launcher-1.10.0.jar"/>
    <property name="user.script" value=""/>
    <property name="sun.management.compiler" value="HotSpot 64-Bit Tiered Compilers"/>
    <property name="java.runtime.version" value="22.0.2+9-70"/>
    <property name="user.name" value="xEnde"/>
    <property name="stdout.encoding" value="Cp1252"/>
    <property name="path.separator" value=";"/>
    <property name="os.version" value="10.0"/>
    <property name="java.runtime.name" value="Java(TM) SE Runtime Environment"/>
    <property name="file.encoding" value="UTF-8"/>
    <property name="java.vm.name" value="Java HotSpot(TM) 64-Bit Server VM"/>
    <property name="maven.ext.class.path" value="C:\Program Files\NetBeans-25\netbeans\java\maven-nblib\netbeans-eventspy.jar"/>
    <property name="localRepository" value="C:\Users\xEnde\.m2\repository"/>
    <property name="java.vendor.url.bug" value="https://bugreport.java.com/bugreport/"/>
    <property name="java.io.tmpdir" value="C:\Users\xEnde\AppData\Local\Temp\"/>
    <property name="java.version" value="22.0.2"/>
    <property name="user.dir" value="C:\Users\xEnde\OneDrive - CQUniversity\uni\Sem 3\COIT12200 Software Design &amp; Development\AT1\StudentDetails"/>
    <property name="os.arch" value="amd64"/>
    <property name="java.vm.specification.name" value="Java Virtual Machine Specification"/>
    <property name="sun.os.patch.level" value=""/>
    <property name="native.encoding" value="Cp1252"/>
    <property name="java.library.path" value="C:\Program Files\Java\jdk-22\bin;C:\WINDOWS\Sun\Java\bin;C:\WINDOWS\system32;C:\WINDOWS;C:\Program Files\Eclipse Adoptium\jdk-21.0.6.7-hotspot\bin;C:\Program Files\Common Files\Oracle\Java\javapath;C:\Program Files\NVIDIA GPU Computing Toolkit\CUDA\v10.0\bin;C:\Program Files\NVIDIA GPU Computing Toolkit\CUDA\v10.0\libnvvp;C:\WINDOWS\system32;C:\WINDOWS;C:\WINDOWS\System32\Wbem;C:\WINDOWS\System32\WindowsPowerShell\v1.0\;C:\WINDOWS\System32\OpenSSH\;C:\Program Files\Microsoft SQL Server\150\Tools\Binn\;C:\Program Files\Microsoft SQL Server\Client SDK\ODBC\170\Tools\Binn\;C:\Program Files\dotnet\;C:\Program Files (x86)\NVIDIA Corporation\PhysX\Common;C:\Program Files\Git\cmd;C:\Program Files\NVIDIA Corporation\NVIDIA app\NvDLISR;C:\Program Files\PuTTY\;C:\Program Files\Apache\Maven\apache-maven-3.9.9\bin;C:\Users\xEnde\AppData\Local\Programs\Python\Python37\Scripts\;C:\Users\xEnde\AppData\Local\Programs\Python\Python37\;C:\Users\xEnde\AppData\Local\UniGetUI\Chocolatey\bin;C:\Users\xEnde\AppData\Local\Microsoft\WindowsApps;C:\Users\xEnde\AppData\Local\Programs\Microsoft VS Code\bin;C:\Users\xEnde\.dotnet\tools;C:\Users\xEnde\AppData\Local\JetBrains\Toolbox\scripts;C:\Users\xEnde\AppData\Local\GitHubDesktop\bin;C:\Users\xEnde\AppData\Local\Microsoft\WindowsApps;C:\Users\xEnde\.dotnet\tools;."/>
    <property name="java.vm.info" value="mixed mode"/>
    <property name="stderr.encoding" value="Cp1252"/>
    <property name="java.vendor" value="Oracle Corporation"/>
    <property name="java.vm.version" value="22.0.2+9-70"/>
    <property name="sun.io.unicode.encoding" value="UnicodeLittle"/>
    <property name="java.class.version" value="66.0"/>
  </properties>
  <testcase name="medianMarkValidTest" classname="coit12200.studentdetails.GradeAnalyserTest" time="0.004"/>
  <testcase name="gradeAnalyserGetOrderedListWithStudentListTest" classname="coit12200.studentdetails.GradeAnalyserTest" time="0.001"/>
  <testcase name="minimumNegativeTest" classname="coit12200.studentdetails.GradeAnalyserTest" time="0.001"/>
  <testcase name="maximumNegativeTest" classname="coit12200.studentdetails.GradeAnalyserTest" time="0.001"/>
  <testcase name="findWhenEmptyIDTest" classname="coit12200.studentdetails.GradeAnalyserTest" time="0.004"/>
  <testcase name="medianNegativeTest" classname="coit12200.studentdetails.GradeAnalyserTest" time="0.001"/>
  <testcase name="findWhenFoundTest" classname="coit12200.studentdetails.GradeAnalyserTest" time="0.001"/>
  <testcase name="averageNegativeTest" classname="coit12200.studentdetails.GradeAnalyserTest" time="0.001"/>
  <testcase name="averageMarkEmptyTest" classname="coit12200.studentdetails.GradeAnalyserTest" time="0.001"/>
  <testcase name="findWhenDuplicateIDTest" classname="coit12200.studentdetails.GradeAnalyserTest" time="0.001"/>
  <testcase name="averageMarkValidTest" classname="coit12200.studentdetails.GradeAnalyserTest" time="0.001"/>
  <testcase name="getStudentRecordInRangeEmptyTest" classname="coit12200.studentdetails.GradeAnalyserTest" time="0.002"/>
  <testcase name="getStudentRecordInRangeNegativeTest" classname="coit12200.studentdetails.GradeAnalyserTest" time="0.001"/>
  <testcase name="getStudentRecordInRangeValidTest" classname="coit12200.studentdetails.GradeAnalyserTest" time="0.001"/>
  <testcase name="minimumEmptyTest" classname="coit12200.studentdetails.GradeAnalyserTest" time="0.001"/>
  <testcase name="maximumEmptyTest" classname="coit12200.studentdetails.GradeAnalyserTest" time="0.002"/>
  <testcase name="minimumValidTest" classname="coit12200.studentdetails.GradeAnalyserTest" time="0.001"/>
  <testcase name="maximumValidTest" classname="coit12200.studentdetails.GradeAnalyserTest" time="0.001"/>
  <testcase name="gradeAnalyserGetOrderedListWithDataSetTest" classname="coit12200.studentdetails.GradeAnalyserTest" time="0.001"/>
  <testcase name="medianMarkEmptyTest" classname="coit12200.studentdetails.GradeAnalyserTest" time="0.001"/>
  <testcase name="getStudentRecordInRangeInvalidTest" classname="coit12200.studentdetails.GradeAnalyserTest" time="0.0"/>
  <testcase name="findWhenNotFoundTest" classname="coit12200.studentdetails.GradeAnalyserTest" time="0.001"/>
</testsuite>